Start testing: Mar 10 19:56 MSK
----------------------------------------------------------
1/1 Testing: test_version
1/1 Test: test_version
Command: "/home/dan/otus/cpp_course/cpp/dz_1/build/test_version"
Directory: /home/dan/otus/cpp_course/cpp/dz_1/build
"test_version" start time: Mar 10 19:56 MSK
Output:
----------------------------------------------------------
Running 1 test case...

[1;32;49m*** No errors detected
[0;39;49m
<end of output>
Test time =   0.00 sec
----------------------------------------------------------
Test Passed.
"test_version" end time: Mar 10 19:56 MSK
"test_version" time elapsed: 00:00:00
----------------------------------------------------------

End testing: Mar 10 19:56 MSK
